生成启动时间为 2016/5/13 22:57:31。
     1>项目“D:\Compiler\Compiler\Compiler.vcxproj”在节点 2 上(Build 个目标)。
     1>ClCompile:
         C:\Program Files (x86)\Microsoft Visual Studio 12.0\VC\bin\CL.exe /c /ZI /nologo /W3 /WX- /sdl /Od /Oy- /D _MBCS /Gm /EHsc /RTC1 /MDd /GS /fp:precise /Zc:wchar_t /Zc:forScope /Fo"Debug\\" /Fd"Debug\vc120.pdb" /Gd /TP /analyze- /errorReport:prompt LR1Parsing.cpp
         LR1Parsing.cpp
     1>d:\compiler\compiler\lr1parsing.cpp(37): warning C4018: “<=”: 有符号/无符号不匹配
     1>d:\compiler\compiler\lr1parsing.cpp(39): warning C4018: “<”: 有符号/无符号不匹配
     1>d:\compiler\compiler\lr1parsing.cpp(74): warning C4244: “参数”: 从“__int64”转换到“long double”，可能丢失数据
     1>d:\compiler\compiler\lr1parsing.cpp(74): warning C4244: “初始化”: 从“long double”转换到“int”，可能丢失数据
     1>d:\compiler\compiler\lr1parsing.cpp(75): warning C4244: “参数”: 从“__int64”转换到“long double”，可能丢失数据
     1>d:\compiler\compiler\lr1parsing.cpp(154): warning C4018: “<”: 有符号/无符号不匹配
     1>d:\compiler\compiler\lr1parsing.cpp(217): warning C4244: “=”: 从“__int64”转换到“int”，可能丢失数据
       Link:
         C:\Program Files (x86)\Microsoft Visual Studio 12.0\VC\bin\link.exe /ERRORREPORT:PROMPT /OUT:"D:\Compiler\Debug\Compiler.exe" /INCREMENTAL /NOLOGO kernel32.lib user32.lib gdi32.lib winspool.lib comdlg32.lib advapi32.lib shell32.lib ole32.lib oleaut32.lib uuid.lib odbc32.lib odbccp32.lib /MANIFEST /MANIFESTUAC:"level='asInvoker' uiAccess='false'" /manifest:embed /DEBUG /PDB:"D:\Compiler\Debug\Compiler.pdb" /TLBID:1 /DYNAMICBASE /NXCOMPAT /IMPLIB:"D:\Compiler\Debug\Compiler.lib" /MACHINE:X86 Debug\LL1Parsing.obj
         Debug\LR1Parsing.obj
         Debug\main.obj
         Debug\NameTable.obj
         Debug\ProductionSet.obj
         Debug\Scanner.obj
         Compiler.vcxproj -> D:\Compiler\Debug\Compiler.exe
     1>已完成生成项目“D:\Compiler\Compiler\Compiler.vcxproj”(Build 个目标)的操作。

生成成功。

已用时间 00:00:01.25
